********************************************************************************
DUPLICATOR-LITE PACKAGE-LOG: 7 August, 2021 4:29 pm
NOTICE: Do NOT post to public sites or forums 
********************************************************************************
VERSION:	1.4.2
WORDPRESS:	5.8
PHP INFO:	8.0.3 | SAPI: apache2handler
SERVER:		Apache/2.4.46 (Win64) OpenSSL/1.1.1j PHP/8.0.3 
PHP TIME LIMIT: (0) no time limit imposed 
PHP MAX MEMORY: 4294967296 (512M default) 
MEMORY STACK: 20MB

********************************************************************************
DATABASE:
********************************************************************************
BUILD MODE:   MYSQLDUMP
MYSQLTIMEOUT: 5000
MYSQLDUMP:    Is Supported
SQL CREATED: 20210807_lionshop_e99715be65b6fb745801_20210807162809_database.sql
SQL FILE SIZE: 1.84MB (1933480)
SQL FILE TIME: 2021-08-07 16:29:09
SQL RUNTIME: 7.11 sec.

********************************************************************************
ARCHIVE (ZIP):
********************************************************************************
ARCHIVE DIR:  C:/xampp/htdocs/LION
ARCHIVE FILE: 20210807_lionshop_e99715be65b6fb745801_20210807162809_archive.zip
FILTERS: *OFF*
DIRS:
	not set
FILES:
	not set
EXTS:  not set
----------------------------------------
COMPRESSING
SIZE:	179.2MB
STATS:	Dirs 1,870 | Files 11,514
SQL ADDED: 20210807_lionshop_e99715be65b6fb745801_20210807162809_database.sql
ZipArchive Object
(
    [lastId] => 13383
    [status] => 0
    [statusSys] => 0
    [numFiles] => 13384
    [filename] => C:\xampp\htdocs\LION\wp-content\backups-dup-lite\tmp\20210807_lionshop_e99715be65b6fb745801_20210807162809_archive.zip
    [comment] => 
)

FILE ADDED TO ZIP: 13383
COMPRESSION RESULT: '1'
COMPRESSED SIZE: 67.52MB
ARCHIVE RUNTIME: 157.20 sec.
MEMORY STACK: 24MB
building installer
add_extra_files1
add_extra_files2
add_extra_files3
add_extra_files4
Doing archive file check
add_extra_files5
add_extra_files6
add_extra_files8
Successfully opened zip C:/xampp/htdocs/LION/wp-content/backups-dup-lite/tmp/20210807_lionshop_e99715be65b6fb745801_20210807162809_archive.zip
Adding enhanced installer files to archive using ZipArchive
Installer files added to archive
Added to archive
After ziparchive close when adding installer

********************************************************************************
INTEGRITY CHECKS:
********************************************************************************
SQL FILE: 1.84MB
INSTALLER FILE: 64.26KB
ARCHIVE FILE: 68.94MB 
EXPECTED FILE/DIRECTORY COUNT: 13,384
ACTUAL FILE/DIRECTORY COUNT: 13,383
ARCHIVE CONSISTENCY TEST: Pass

********************************************************************************
RECORD ID:[1]
TOTAL PROCESS RUNTIME: 166.36 sec.
PEAK PHP MEMORY USED: 26MB
DONE PROCESSING => 20210807_lionshop 7 August, 2021 4:31 pm

